<?xml version="1.0" encoding="UTF-8"?>
<testng-results ignored="0" total="0" passed="0" failed="0" skipped="0">
  <reporter-output>
  </reporter-output>
  <suite started-at="2020-11-05T10:23:09 PET" name="ChartTest" finished-at="2020-11-05T10:23:10 PET" duration-ms="3">
    <groups>
    </groups>
    <test started-at="2020-11-05T10:23:09 PET" name="Command line test" finished-at="2020-11-05T10:23:10 PET" duration-ms="3">
    </test> <!-- Command line test -->
  </suite> <!-- ChartTest -->
</testng-results>
