<?xml version="1.0" encoding="UTF-8"?>
<testng-results ignored="0" total="4" passed="4" failed="0" skipped="0">
  <reporter-output>
  </reporter-output>
  <suite started-at="2020-09-09T10:07:05 PET" name="FizzBuzzTest" finished-at="2020-09-09T10:07:05 PET" duration-ms="68">
    <groups>
    </groups>
    <test started-at="2020-09-09T10:07:05 PET" name="Command line test" finished-at="2020-09-09T10:07:05 PET" duration-ms="68">
      <class name="FizzBuzzTest">
        <test-method signature="testCase0()[pri:0, instance:FizzBuzzTest@335eadca]" started-at="2020-09-09T10:07:05 PET" name="testCase0" finished-at="2020-09-09T10:07:05 PET" duration-ms="36" status="PASS">
          <reporter-output>
          </reporter-output>
        </test-method> <!-- testCase0 -->
        <test-method signature="testCase1()[pri:0, instance:FizzBuzzTest@335eadca]" started-at="2020-09-09T10:07:05 PET" name="testCase1" finished-at="2020-09-09T10:07:05 PET" duration-ms="4" status="PASS">
          <reporter-output>
          </reporter-output>
        </test-method> <!-- testCase1 -->
        <test-method signature="testCase2()[pri:0, instance:FizzBuzzTest@335eadca]" started-at="2020-09-09T10:07:05 PET" name="testCase2" finished-at="2020-09-09T10:07:05 PET" duration-ms="1" status="PASS">
          <reporter-output>
          </reporter-output>
        </test-method> <!-- testCase2 -->
        <test-method signature="testCase3()[pri:0, instance:FizzBuzzTest@335eadca]" started-at="2020-09-09T10:07:05 PET" name="testCase3" finished-at="2020-09-09T10:07:05 PET" duration-ms="5" status="PASS">
          <reporter-output>
          </reporter-output>
        </test-method> <!-- testCase3 -->
      </class> <!-- FizzBuzzTest -->
    </test> <!-- Command line test -->
  </suite> <!-- FizzBuzzTest -->
</testng-results>
